2026-01-24T02:47:12.016Z Server running on http://localhost:3000
2026-01-24T02:47:12.228Z Client connected: DoQp9vcVgcavvt41AAAB
2026-01-24T02:47:12.238Z Starting analysis for: ralph 기법이란
2026-01-24T02:47:15.197Z Server running on http://localhost:3000
2026-01-24T02:47:16.201Z Client connected: _YtnmzpFP5Dy255JAAAB
2026-01-24T02:51:56.009Z Client disconnected
2026-01-24T02:53:35.534Z Server running on http://localhost:3000
2026-01-24T03:04:57.096Z Server running on http://localhost:3000
2026-01-24T03:07:16.058Z Server running on http://localhost:3000
2026-01-24T05:51:01.991Z Server running on http://localhost:3000
2026-01-24T05:51:02.325Z Client connected: bu0xhs_WYnclKZaxAAAB
2026-01-24T05:51:02.605Z Starting analysis for: 서울 날씨
2026-01-24T05:54:18.484Z Server running on http://localhost:3000
2026-01-24T05:54:22.221Z Client connected: TqWmpHTzrC7S5fBoAAAB
2026-01-24T06:23:54.007Z Client disconnected
2026-01-24T06:23:55.310Z Client connected: 6tYWziLV7a3Ro2kaAAAD
2026-01-24T06:28:02.611Z Client connected: NMpOL185QUEG8kqXAAAF
2026-01-24T06:28:06.648Z Starting analysis for: 서울 날씨
2026-01-24T06:28:42.256Z ERROR {"name":"TimeoutError"}
2026-01-24T06:30:01.323Z Client disconnected
2026-01-24T06:30:01.495Z Client connected: 2VS0xUi_DcE7nBq4AAAH
2026-01-24T06:30:02.634Z Client disconnected
2026-01-24T06:30:06.178Z Starting analysis for: 서울날씨
2026-01-24T06:30:38.446Z ERROR {"name":"TimeoutError"}
2026-01-24T07:15:31.209Z Client disconnected
2026-01-24T07:15:31.300Z Client connected: 0JNY4I9hue0F8clMAAAJ
